<?xml version="1.0" encoding="UTF-8"?>
<testsuite name="TestBase" tests="1" skipped="0" failures="0" errors="0" timestamp="2020-12-02T22:41:43" hostname="DESKTOP-0BVHIUM" time="4.147">
  <properties/>
  <testcase name="test" classname="TestBase" time="4.147"/>
  <system-out><![CDATA[bla
]]></system-out>
  <system-err><![CDATA[1606948907044	Marionette	INFO	Stopped listening on port 6364

###!!! [Child][RunMessage] Error: Channel closing: too late to send/recv, messages will be lost


###!!! [Child][RunMessage] Error: Channel closing: too late to send/recv, messages will be lost


###!!! [Child][MessageChannel::SendAndWait] Error: Channel error: cannot send/recv

]]></system-err>
</testsuite>
